Build started 1/1/2023 7:28:29 PM.
     1>Project "C:\Users\Rj3i\Desktop\بيانيات\git\train\Project1\Project1\Project1.vcxproj" on node 2 (Build target(s)).
     1>ClCompile:
         C:\Program Files (x86)\Microsoft Visual Studio 11.0\VC\bin\CL.exe /c /ZI /nologo /W3 /WX- /Od /Oy- /D _CRT_SECURE_NO_WARNINGS /D _MBCS /Gm /EHsc /RTC1 /MDd /GS /fp:precise /Zc:wchar_t /Zc:forScope /Fo"Debug\\" /Fd"Debug\vc110.pdb" /Gd /TP /analyze- /errorReport:prompt 3DTexture.cpp camera.cpp math3d.cpp Model_3DS.cpp Source.cpp texture.cpp
         texture.cpp
         Source.cpp
         Model_3DS.cpp
         math3d.cpp
         camera.cpp
         3DTexture.cpp
     1>c:\users\rj3i\desktop\بيانيات\git\train\project1\project1\3dtexture.cpp(61): warning C4996: 'strlwr': The POSIX name for this item is deprecated. Instead, use the ISO C++ conformant name: _strlwr. See online help for details.
                 c:\program files (x86)\microsoft visual studio 11.0\vc\include\string.h(250) : see declaration of 'strlwr'
     1>c:\users\rj3i\desktop\بيانيات\git\train\project1\project1\3dtexture.cpp(61): warning C4996: 'strdup': The POSIX name for this item is deprecated. Instead, use the ISO C++ conformant name: _strdup. See online help for details.
                 c:\program files (x86)\microsoft visual studio 11.0\vc\include\string.h(241) : see declaration of 'strdup'
     1>c:\users\rj3i\desktop\بيانيات\git\train\project1\project1\3dtexture.cpp(77): warning C4996: 'strlwr': The POSIX name for this item is deprecated. Instead, use the ISO C++ conformant name: _strlwr. See online help for details.
                 c:\program files (x86)\microsoft visual studio 11.0\vc\include\string.h(250) : see declaration of 'strlwr'
         Generating Code...
       Link:
         C:\Program Files (x86)\Microsoft Visual Studio 11.0\VC\bin\link.exe /ERRORREPORT:PROMPT /OUT:"C:\Users\Rj3i\Desktop\بيانيات\git\train\Project1\Debug\Project1.exe" /INCREMENTAL /NOLOGO GLAUX.lib GLU32.lib glut.lib OPENGL32.lib glut32.lib kernel32.lib user32.lib gdi32.lib winspool.lib comdlg32.lib advapi32.lib shell32.lib ole32.lib oleaut32.lib uuid.lib odbc32.lib odbccp32.lib /MANIFEST /MANIFESTUAC:"level='asInvoker' uiAccess='false'" /manifest:embed /DEBUG /PDB:"C:\Users\Rj3i\Desktop\بيانيات\git\train\Project1\Debug\Project1.pdb" /TLBID:1 /DYNAMICBASE /NXCOMPAT /IMPLIB:"C:\Users\Rj3i\Desktop\بيانيات\git\train\Project1\Debug\Project1.lib" /MACHINE:X86 Debug\3DTexture.obj
         Debug\camera.obj
         Debug\math3d.obj
         Debug\Model_3DS.obj
         Debug\Source.obj
         Debug\texture.obj
         Project1.vcxproj -> C:\Users\Rj3i\Desktop\بيانيات\git\train\Project1\Debug\Project1.exe
     1>Done Building Project "C:\Users\Rj3i\Desktop\بيانيات\git\train\Project1\Project1\Project1.vcxproj" (Build target(s)).

Build succeeded.

Time Elapsed 00:00:06.41
